Arguments:
  C:\Program Files\nodejs\node.exe C:\Users\mohro\AppData\Roaming\npm\node_modules\yarn\bin\yarn.js add @types/graphql-sequelize --dev

PATH:
  C:\Python27\;C:\Python27\Scripts;C:\Program Files (x86)\Razer\ChromaBroadcast\bin;C:\Program Files\Razer\ChromaBroadcast\bin;C:\Program Files (x86)\Razer Chroma SDK\bin;C:\Program Files\Razer Chroma SDK\bin;C:\ProgramData\Oracle\Java\javapath;C:\Program Files (x86)\Intel\iCLS Client\;C:\Program Files\Intel\iCLS Client\;C:\Windows\system32;C:\Windows;C:\Windows\System32\Wbem;C:\Windows\System32\WindowsPowerShell\v1.0\;C:\Program Files (x86)\NVIDIA Corporation\PhysX\Common;C:\Program Files (x86)\Intel\Intel(R) Management Engine Components\DAL;C:\Program Files\Intel\Intel(R) Management Engine Components\DAL;C:\Program Files (x86)\Intel\Intel(R) Management Engine Components\IPT;C:\Program Files\Intel\Intel(R) Management Engine Components\IPT;C:\WINDOWS\system32;C:\WINDOWS;C:\WINDOWS\System32\Wbem;C:\WINDOWS\System32\WindowsPowerShell\v1.0\;C:\Users\mohro\.dnx\bin;C:\Program Files\Microsoft DNX\Dnvm\;C:\Program Files\Microsoft SQL Server\130\Tools\Binn\;C:\Program Files\dotnet\;C:\Users\mohro\AppData\Local\Microsoft\WindowsApps;C:\Users\mohro\AppData\Roaming\npm;C:\Program Files\Microsoft VS Code\bin;C:\Program Files (x86)\Microsoft SQL Server\Client SDK\ODBC\130\Tools\Binn\;C:\Program Files (x86)\Microsoft SQL Server\140\Tools\Binn\;C:\Program Files (x86)\Microsoft SQL Server\140\DTS\Binn\;C:\Program Files (x86)\Microsoft SQL Server\140\Tools\Binn\ManagementStudio\;C:\WINDOWS\System32\OpenSSH\;C:\Program Files\Git\cmd;C:\Program Files\Microsoft SQL Server\Client SDK\ODBC\130\Tools\Binn\;C:\Program Files\Microsoft SQL Server\140\Tools\Binn\;C:\Program Files\Microsoft SQL Server\140\DTS\Binn\;C:\Users\mohro\.dotnet\tools;C:\Program Files\PuTTY\;C:\Program Files\NVIDIA Corporation\NVIDIA NvDLISR;C:\Program Files\Amazon\AWSCLI\bin\;C:\WINDOWS\system32;C:\WINDOWS;C:\WINDOWS\System32\Wbem;C:\WINDOWS\System32\WindowsPowerShell\v1.0\;C:\WINDOWS\System32\OpenSSH\;C:\Users\mohro\AppData\Local\Programs\Python\Python37\;C:\Program Files\Amazon\AWSCLIV2DevPreview\;C:\Program Files\Microsoft SQL Server\Client SDK\ODBC\170\Tools\Binn\;C:\Program Files\nodejs\;C:\ProgramData\chocolatey\bin;C:\Users\mohro\AppData\Local\Programs\Python\Python37\Scripts\;C:\Users\mohro\AppData\Local\Programs\Python\Python37\;C:\Users\mohro\AppData\Local\Microsoft\WindowsApps;C:\Users\mohro\AppData\Local\GitHubDesktop\bin;C:\Users\mohro\AppData\Local\Programs\MiKTeX 2.9\miktex\bin\x64\;C:\Program Files\JetBrains\WebStorm 2018.3.1\bin;C:\Program Files\heroku\bin;C:\Users\mohro\.dotnet\tools;C:\Users\mohro\AppData\Local\Microsoft\WindowsApps;C:\Program Files\JetBrains\PyCharm 2019.3\bin;C:\Program Files\Curl\bin;C:\Users\mohro\AppData\Local\atom\bin;C:\Users\mohro\AppData\Local\Programs\Microsoft VS Code\bin;C:\Users\mohro\AppData\Roaming\npm

Yarn version:
  1.21.1

Node version:
  12.14.1

Platform:
  win32 x64

Trace:
  Error: https://registry.yarnpkg.com/@types%2fgraphql-sequelize: Not found
      at Request.params.callback [as _callback] (C:\Users\mohro\AppData\Roaming\npm\node_modules\yarn\lib\cli.js:66947:18)
      at Request.self.callback (C:\Users\mohro\AppData\Roaming\npm\node_modules\yarn\lib\cli.js:140665:22)
      at Request.emit (events.js:223:5)
      at Request.<anonymous> (C:\Users\mohro\AppData\Roaming\npm\node_modules\yarn\lib\cli.js:141637:10)
      at Request.emit (events.js:223:5)
      at IncomingMessage.<anonymous> (C:\Users\mohro\AppData\Roaming\npm\node_modules\yarn\lib\cli.js:141559:12)
      at Object.onceWrapper (events.js:312:28)
      at IncomingMessage.emit (events.js:228:7)
      at endReadableNT (_stream_readable.js:1185:12)
      at processTicksAndRejections (internal/process/task_queues.js:81:21)

npm manifest:
  {
    "name": "meets-api",
    "version": "1.0.0",
    "main": "index.js",
    "license": "MIT",
    "scripts": {
      "start:watch": "nodemon --exec ts-node ./src/app.ts"
    },
    "dependencies": {
      "apollo-server": "^2.9.16",
      "apollo-server-express": "^2.9.16",
      "await-to-js": "^2.1.1",
      "dataloader-sequelize": "^2.1.2",
      "dotenv": "^8.2.0",
      "express": "^4.17.1",
      "express-jwt": "latest",
      "graphql": "^14.5.8",
      "graphql-sequelize": "^9.4.0",
      "jsonwebtoken": "^8.5.1",
      "jwk-to-pem": "^2.0.3",
      "jwks-rsa": "^1.6.2",
      "pg": "^7.17.1",
      "pg-hstore": "^2.3.3",
      "request": "^2.88.0",
      "schemaglue": "^4.0.4",
      "sequelize": "^5.21.3",
      "sequelize-typescript": "^1.1.0",
      "ts-node": "^8.6.2",
      "type-graphql": "^0.17.6"
    },
    "devDependencies": {
      "@types/bluebird": "^3.5.29",
      "@types/express-jwt": "0.0.42",
      "@types/jsonwebtoken": "^8.3.6",
      "@types/morgan": "^1.7.37",
      "@types/request": "^2.48.4",
      "@types/validator": "^12.0.1",
      "chai": "^4.2.0",
      "mocha": "^7.0.0",
      "morgan": "^1.9.1",
      "nodemon": "^2.0.2",
      "typescript": "^3.7.5"
    }
  }

yarn manifest:
  No manifest

Lockfile:
  No lockfile
